00:00:00.001861 main     VirtualBox COM Server 7.0.22 r165102 win.amd64 (Oct 14 2024 16:20:49) release log
00:00:00.001862 main     Log opened 2024-10-27T19:22:45.920189600Z
00:00:00.001863 main     Build Type: release
00:00:00.001866 main     OS Product: Windows 11
00:00:00.001867 main     OS Release: 10.0.22631
00:00:00.001867 main     OS Service Pack: 
00:00:00.082863 main     DMI Product Name: Thin GF63 12UC
00:00:00.091878 main     DMI Product Version: REV:1.0
00:00:00.091896 main     Firmware type: UEFI
00:00:00.092139 main     Secure Boot: VERR_PRIVILEGE_NOT_HELD
00:00:00.092164 main     Host RAM: 16085MB (15.7GB) total, 9696MB (9.4GB) available
00:00:00.092167 main     Executable: C:\Program Files\Oracle\VirtualBox\VBoxSVC.exe
00:00:00.092168 main     Process ID: 356
00:00:00.092168 main     Package type: WINDOWS_64BITS_GENERIC
00:00:00.138111          VirtualBox: object creation starts
00:00:00.138308          Home directory: 'C:\Users\Pablo\.VirtualBox'
00:00:00.138402          Installed Drivers:
00:00:00.145969            C:\WINDOWS\system32\DRIVERS\VBoxSup.sys (Version: 7.0.22.15102)
00:00:00.146117            C:\WINDOWS\system32\DRIVERS\VBoxUSBMon.sys (Version: 7.0.22.15102)
00:00:00.146253            C:\WINDOWS\system32\DRIVERS\VBoxNetAdp6.sys (Version: 7.0.22.15102)
00:00:00.146387            C:\WINDOWS\system32\DRIVERS\VBoxNetLwf.sys (Version: 7.0.22.15102)
00:00:00.146577          Loading settings file "C:\Users\Pablo\.VirtualBox\VirtualBox.xml" with version "1.12-windows"
00:00:00.147909          usbLibGetDevices: Starting USB device enumeration
00:00:00.148006          Getting USB descriptor (id 0) failed (dwErr=31) on hub USB#ROOT_HUB30#4&15d1b92b&0&0#{f18a0e88-c30c-11d0-8815-00a0c906bed8} port 6
00:00:00.148404          Getting USB descriptor (id 0) failed (dwErr=31) on hub USB#ROOT_HUB30#4&15d1b92b&0&0#{f18a0e88-c30c-11d0-8815-00a0c906bed8} port 10
00:00:00.149447          usbLibGetDevices: Found 3 USB devices, 0 captured
00:00:00.149491          USB: Unknown USB device detected (idVendor: 0x5986, idProduct: 0x211b)
00:00:00.149500          USB: Unknown USB device detected (idVendor: 0x8087, idProduct: 0x0026)
00:00:00.224455          HostDnsMonitor: initializing
00:00:00.231241          HostDnsMonitor: updating information
00:00:00.231256          HostDnsMonitor: old information
00:00:00.231256            no server entries
00:00:00.231257            no domain set
00:00:00.231257            no search string entries
00:00:00.231257          HostDnsMonitor: new information
00:00:00.231258            server 1: 192.168.1.1
00:00:00.231258            domain: home
00:00:00.231258            no search string entries
00:00:00.255925          VD: VDInit finished with VINF_SUCCESS
00:00:00.256702          Loading settings file "C:\Users\Pablo\VirtualBox VMs\ubuntu\ubuntu.vbox" with version "1.19-windows"
00:00:00.257293          VirtualBox: object created
00:00:00.283732          Saving settings file "C:\Users\Pablo\.VirtualBox\VirtualBox.xml" with version "1.12-windows"
00:00:00.285419          Finished saving settings file "C:\Users\Pablo\.VirtualBox\VirtualBox.xml"
00:00:00.285542          Saving settings file "C:\Users\Pablo\.VirtualBox\VirtualBox.xml" with version "1.12-windows"
00:00:00.286719          Finished saving settings file "C:\Users\Pablo\.VirtualBox\VirtualBox.xml"
00:00:00.286830          Saving settings file "C:\Users\Pablo\.VirtualBox\VirtualBox.xml" with version "1.12-windows"
00:00:00.288053          Finished saving settings file "C:\Users\Pablo\.VirtualBox\VirtualBox.xml"
00:00:00.799599          ERROR [COM]: aRC=VBOX_E_INVALID_VM_STATE (0x80bb0002) aIID={300763af-5d6b-46e6-aa96-273eac15538a} aComponent={MachineWrap} aText={The machine is not mutable (state is PoweredOff)}, preserve=false aResultDetail=0
00:00:03.625147          Launched VM: 1971583520 pid: 3676 (0xe5c) frontend: GUI/Qt name: ubuntu
00:00:03.637330          ERROR [COM]: aRC=VBOX_E_INVALID_VM_STATE (0x80bb0002) aIID={300763af-5d6b-46e6-aa96-273eac15538a} aComponent={MachineWrap} aText={The machine is not mutable (state is PoweredOff)}, preserve=false aResultDetail=0
00:00:06.757787          ERROR [COM]: aRC=VBOX_E_INVALID_VM_STATE (0x80bb0002) aIID={300763af-5d6b-46e6-aa96-273eac15538a} aComponent={MachineWrap} aText={The machine is not mutable (state is PoweredOff)}, preserve=false aResultDetail=0
00:00:07.041648          ERROR [COM]: aRC=VBOX_E_OBJECT_NOT_FOUND (0x80bb0001) aIID={70401eef-c8e9-466b-9660-45cb3e9979e4} aComponent={ExtPackManagerWrap} aText={No extension pack by the name 'Oracle VM VirtualBox Extension Pack' was found}, preserve=false aResultDetail=0
00:00:16.552287          ERROR [COM]: aRC=VBOX_E_IPRT_ERROR (0x80bb0005) aIID={300763af-5d6b-46e6-aa96-273eac15538a} aComponent={SessionMachine} aText={Saved screenshot data is not available (VERR_NOT_SUPPORTED)}, preserve=false aResultDetail=-37
00:00:17.026223          ERROR [COM]: aRC=VBOX_E_INVALID_VM_STATE (0x80bb0002) aIID={300763af-5d6b-46e6-aa96-273eac15538a} aComponent={SessionMachine} aText={The machine is not mutable or saved (state is Starting)}, preserve=false aResultDetail=0
00:00:17.026303          ERROR [COM]: aRC=VBOX_E_INVALID_VM_STATE (0x80bb0002) aIID={300763af-5d6b-46e6-aa96-273eac15538a} aComponent={MachineWrap} aText={The machine is not mutable (state is Starting)}, preserve=false aResultDetail=0
00:00:17.028917          Saving settings file "C:\Users\Pablo\VirtualBox VMs\ubuntu\ubuntu.vbox" with version "1.19-windows"
00:00:17.030505          Finished saving settings file "C:\Users\Pablo\VirtualBox VMs\ubuntu\ubuntu.vbox"
00:00:17.039036          ERROR [COM]: aRC=VBOX_E_INVALID_VM_STATE (0x80bb0002) aIID={300763af-5d6b-46e6-aa96-273eac15538a} aComponent={MachineWrap} aText={The machine is not mutable (state is Starting)}, preserve=false aResultDetail=0
00:00:20.205933          ERROR [COM]: aRC=VBOX_E_OBJECT_NOT_FOUND (0x80bb0001) aIID={ad47ad09-787b-44ab-b343-a082a3f2dfb1} aComponent={MediumWrap} aText={Property 'CRYPT/KeyId' does not exist}, preserve=false aResultDetail=0
00:00:20.244637          Saving settings file "C:\Users\Pablo\.VirtualBox\VirtualBox.xml" with version "1.12-windows"
00:00:20.249556          Finished saving settings file "C:\Users\Pablo\.VirtualBox\VirtualBox.xml"
00:00:20.287975          ERROR [COM]: aRC=VBOX_E_INVALID_VM_STATE (0x80bb0002) aIID={300763af-5d6b-46e6-aa96-273eac15538a} aComponent={MachineWrap} aText={The machine is not mutable (state is Running)}, preserve=false aResultDetail=0
00:00:23.136687          Saving settings file "C:\Users\Pablo\VirtualBox VMs\ubuntu\ubuntu.vbox" with version "1.19-windows"
00:00:23.139190          Finished saving settings file "C:\Users\Pablo\VirtualBox VMs\ubuntu\ubuntu.vbox"
00:00:23.145917          ERROR [COM]: aRC=VBOX_E_INVALID_VM_STATE (0x80bb0002) aIID={300763af-5d6b-46e6-aa96-273eac15538a} aComponent={MachineWrap} aText={The machine is not mutable (state is Running)}, preserve=false aResultDetail=0
00:00:25.427439          ERROR [COM]: aRC=VBOX_E_INVALID_VM_STATE (0x80bb0002) aIID={300763af-5d6b-46e6-aa96-273eac15538a} aComponent={MachineWrap} aText={The machine is not mutable (state is Paused)}, preserve=false aResultDetail=0
00:00:26.719666          Saving settings file "C:\Users\Pablo\VirtualBox VMs\ubuntu\ubuntu.vbox" with version "1.19-windows"
00:00:26.724292          Finished saving settings file "C:\Users\Pablo\VirtualBox VMs\ubuntu\ubuntu.vbox"
00:00:27.257642          ERROR [COM]: aRC=VBOX_E_INVALID_VM_STATE (0x80bb0002) aIID={300763af-5d6b-46e6-aa96-273eac15538a} aComponent={MachineWrap} aText={The machine is not mutable (state is PoweredOff)}, preserve=false aResultDetail=0
00:00:27.741243          ERROR [COM]: aRC=VBOX_E_INVALID_VM_STATE (0x80bb0002) aIID={300763af-5d6b-46e6-aa96-273eac15538a} aComponent={MachineWrap} aText={The machine is not mutable (state is PoweredOff)}, preserve=false aResultDetail=0
00:00:36.910972          Saving settings file "C:\Users\Pablo\.VirtualBox\VirtualBox.xml" with version "1.12-windows"
00:00:36.915860          Finished saving settings file "C:\Users\Pablo\.VirtualBox\VirtualBox.xml"
00:00:36.915925          Saving settings file "C:\Users\Pablo\.VirtualBox\VirtualBox.xml" with version "1.12-windows"
00:00:36.917445          Finished saving settings file "C:\Users\Pablo\.VirtualBox\VirtualBox.xml"
00:00:36.920233 DeleteVM Saving settings file "C:\Users\Pablo\.VirtualBox\VirtualBox.xml" with version "1.12-windows"
00:00:36.924314 DeleteVM Finished saving settings file "C:\Users\Pablo\.VirtualBox\VirtualBox.xml"
00:00:36.924926          Saving settings file "C:\Users\Pablo\.VirtualBox\VirtualBox.xml" with version "1.12-windows"
00:00:36.926658          Finished saving settings file "C:\Users\Pablo\.VirtualBox\VirtualBox.xml"
00:00:36.927877          Saving settings file "C:\Users\Pablo\.VirtualBox\VirtualBox.xml" with version "1.12-windows"
00:00:36.929247          Finished saving settings file "C:\Users\Pablo\.VirtualBox\VirtualBox.xml"
00:00:36.941215          ERROR [COM]: aRC=VBOX_E_OBJECT_NOT_FOUND (0x80bb0001) aIID={7682d5eb-f00e-44f1-8ca2-99d08b1cd607} aComponent={VirtualBoxWrap} aText={Could not find a registered machine with UUID {1dbcfbeb-e2dc-4bd2-b1d4-3307339a8087}}, preserve=false aResultDetail=0
00:00:36.945684          ERROR [COM]: aRC=VBOX_E_OBJECT_NOT_FOUND (0x80bb0001) aIID={7682d5eb-f00e-44f1-8ca2-99d08b1cd607} aComponent={VirtualBoxWrap} aText={Could not find a registered machine with UUID {1dbcfbeb-e2dc-4bd2-b1d4-3307339a8087}}, preserve=false aResultDetail=0
00:00:41.574590          Saving settings file "C:\Users\Pablo\.VirtualBox\VirtualBox.xml" with version "1.12-windows"
00:00:41.579411          Finished saving settings file "C:\Users\Pablo\.VirtualBox\VirtualBox.xml"
00:00:45.587157          Saving settings file "C:\Users\Pablo\.VirtualBox\VirtualBox.xml" with version "1.12-windows"
00:00:45.593143          Finished saving settings file "C:\Users\Pablo\.VirtualBox\VirtualBox.xml"
00:02:43.237133          ERROR [COM]: aRC=E_NOTIMPL (0x80004001) aIID={6f89464f-7773-436a-a4df-592e4e537fa0} aComponent={UnattendedWrap} aText={Failed to open 'odopen://unlockvault/?accounttype=personal' (VERR_INVALID_NAME)}, preserve=false aResultDetail=-104
00:03:53.955402          Saving settings file "C:\Users\Pablo\.VirtualBox\VirtualBox.xml" with version "1.12-windows"
00:03:53.957055          Finished saving settings file "C:\Users\Pablo\.VirtualBox\VirtualBox.xml"
00:03:53.957181          Saving settings file "C:\Users\Pablo\.VirtualBox\VirtualBox.xml" with version "1.12-windows"
00:03:53.958508          Finished saving settings file "C:\Users\Pablo\.VirtualBox\VirtualBox.xml"
00:03:53.958587          Saving settings file "C:\Users\Pablo\.VirtualBox\VirtualBox.xml" with version "1.12-windows"
00:03:53.959900          Finished saving settings file "C:\Users\Pablo\.VirtualBox\VirtualBox.xml"
00:24:03.575909 USBPROXY usbLibGetDevices: Starting USB device enumeration
00:24:03.576116 USBPROXY Getting USB descriptor (id 0) failed (dwErr=31) on hub USB#ROOT_HUB30#4&15d1b92b&0&0#{f18a0e88-c30c-11d0-8815-00a0c906bed8} port 6
00:24:03.577055 USBPROXY usbLibGetDevices: Found 3 USB devices, 0 captured
00:26:35.327811          Saving settings file "C:\Users\Pablo\.VirtualBox\VirtualBox.xml" with version "1.12-windows"
00:26:35.339100          Finished saving settings file "C:\Users\Pablo\.VirtualBox\VirtualBox.xml"
00:26:35.342583          Saving settings file "C:\Users\Pablo\.VirtualBox\VirtualBox.xml" with version "1.12-windows"
00:26:35.345223          Finished saving settings file "C:\Users\Pablo\.VirtualBox\VirtualBox.xml"
00:26:40.480217 USBPROXY usbLibGetDevices: Starting USB device enumeration
00:26:40.480758 USBPROXY Getting USB descriptor (id 0) failed (dwErr=31) on hub USB#ROOT_HUB30#4&15d1b92b&0&0#{f18a0e88-c30c-11d0-8815-00a0c906bed8} port 6
00:26:40.484330 USBPROXY Getting USB descriptor (id 0) failed (dwErr=31) on hub USB#ROOT_HUB30#4&15d1b92b&0&0#{f18a0e88-c30c-11d0-8815-00a0c906bed8} port 10
00:26:40.484683 USBPROXY usbLibGetDevices: Found 3 USB devices, 0 captured
00:27:05.029380 createBase Saving settings file "C:\Users\Pablo\.VirtualBox\VirtualBox.xml" with version "1.12-windows"
00:27:05.037344 createBase Finished saving settings file "C:\Users\Pablo\.VirtualBox\VirtualBox.xml"
00:27:05.047794          Saving settings file "C:\Users\Pablo\VirtualBox VMs\ubuntu24\ubuntu24.vbox" with version "1.19-windows"
00:27:05.049989          Finished saving settings file "C:\Users\Pablo\VirtualBox VMs\ubuntu24\ubuntu24.vbox"
00:27:05.050149          Saving settings file "C:\Users\Pablo\.VirtualBox\VirtualBox.xml" with version "1.12-windows"
00:27:05.053397          Finished saving settings file "C:\Users\Pablo\.VirtualBox\VirtualBox.xml"
00:27:05.058998          Saving settings file "C:\Users\Pablo\.VirtualBox\VirtualBox.xml" with version "1.12-windows"
00:27:05.061212          Finished saving settings file "C:\Users\Pablo\.VirtualBox\VirtualBox.xml"
00:27:05.062270          Saving settings file "C:\Users\Pablo\VirtualBox VMs\ubuntu24\ubuntu24.vbox" with version "1.19-windows"
00:27:05.063987          Finished saving settings file "C:\Users\Pablo\VirtualBox VMs\ubuntu24\ubuntu24.vbox"
00:27:05.074481          UnattendedInstaller::initInstaller: UnattendedInstaller::savePassedData(): 
00:27:05.094647          Saving settings file "C:\Users\Pablo\.VirtualBox\VirtualBox.xml" with version "1.12-windows"
00:27:05.096414          Finished saving settings file "C:\Users\Pablo\.VirtualBox\VirtualBox.xml"
00:27:05.096488          Saving settings file "C:\Users\Pablo\.VirtualBox\VirtualBox.xml" with version "1.12-windows"
00:27:05.098185          Finished saving settings file "C:\Users\Pablo\.VirtualBox\VirtualBox.xml"
00:27:05.098340          Saving settings file "C:\Users\Pablo\VirtualBox VMs\ubuntu24\ubuntu24.vbox" with version "1.19-windows"
00:27:05.100523          Finished saving settings file "C:\Users\Pablo\VirtualBox VMs\ubuntu24\ubuntu24.vbox"
00:27:05.110488          Launched VM: 1972064752 pid: 16868 (0x41e4) frontend: GUI/Qt name: ubuntu24
00:27:05.129946          Saving settings file "C:\Users\Pablo\.VirtualBox\VirtualBox.xml" with version "1.12-windows"
00:27:05.132455          Finished saving settings file "C:\Users\Pablo\.VirtualBox\VirtualBox.xml"
00:27:05.496854          ERROR [COM]: aRC=VBOX_E_INVALID_VM_STATE (0x80bb0002) aIID={300763af-5d6b-46e6-aa96-273eac15538a} aComponent={MachineWrap} aText={The machine is not mutable (state is PoweredOff)}, preserve=false aResultDetail=0
00:27:08.307977          ERROR [COM]: aRC=VBOX_E_INVALID_VM_STATE (0x80bb0002) aIID={300763af-5d6b-46e6-aa96-273eac15538a} aComponent={MachineWrap} aText={The machine is not mutable (state is PoweredOff)}, preserve=false aResultDetail=0
00:27:08.591152          ERROR [COM]: aRC=VBOX_E_OBJECT_NOT_FOUND (0x80bb0001) aIID={70401eef-c8e9-466b-9660-45cb3e9979e4} aComponent={ExtPackManagerWrap} aText={No extension pack by the name 'Oracle VM VirtualBox Extension Pack' was found}, preserve=false aResultDetail=0
00:27:11.990459 USBPROXY usbLibGetDevices: Starting USB device enumeration
00:27:11.990777 USBPROXY Getting USB descriptor (id 0) failed (dwErr=31) on hub USB#ROOT_HUB30#4&15d1b92b&0&0#{f18a0e88-c30c-11d0-8815-00a0c906bed8} port 6
00:27:11.997829 USBPROXY Getting USB descriptor (id 0) failed (dwErr=31) on hub USB#ROOT_HUB30#4&15d1b92b&0&0#{f18a0e88-c30c-11d0-8815-00a0c906bed8} port 10
00:27:11.998166 USBPROXY usbLibGetDevices: Found 3 USB devices, 0 captured
00:27:12.550832 USBPROXY usbLibGetDevices: Starting USB device enumeration
00:27:12.551085 USBPROXY Getting USB descriptor (id 0) failed (dwErr=31) on hub USB#ROOT_HUB30#4&15d1b92b&0&0#{f18a0e88-c30c-11d0-8815-00a0c906bed8} port 6
00:27:12.551970 USBPROXY Getting USB descriptor (id 0) failed (dwErr=31) on hub USB#ROOT_HUB30#4&15d1b92b&0&0#{f18a0e88-c30c-11d0-8815-00a0c906bed8} port 10
00:27:12.552237 USBPROXY usbLibGetDevices: Found 3 USB devices, 0 captured
00:27:15.176208          ERROR [COM]: aRC=VBOX_E_IPRT_ERROR (0x80bb0005) aIID={300763af-5d6b-46e6-aa96-273eac15538a} aComponent={SessionMachine} aText={Saved screenshot data is not available (VERR_NOT_SUPPORTED)}, preserve=false aResultDetail=-37
00:27:15.859401          ERROR [COM]: aRC=VBOX_E_INVALID_VM_STATE (0x80bb0002) aIID={300763af-5d6b-46e6-aa96-273eac15538a} aComponent={MachineWrap} aText={The machine is not mutable (state is Starting)}, preserve=false aResultDetail=0
00:27:15.866767          ERROR [COM]: aRC=VBOX_E_INVALID_VM_STATE (0x80bb0002) aIID={300763af-5d6b-46e6-aa96-273eac15538a} aComponent={SessionMachine} aText={The machine is not mutable or saved (state is Starting)}, preserve=false aResultDetail=0
00:27:15.870194          Saving settings file "C:\Users\Pablo\VirtualBox VMs\ubuntu24\ubuntu24.vbox" with version "1.19-windows"
00:27:15.872736          Finished saving settings file "C:\Users\Pablo\VirtualBox VMs\ubuntu24\ubuntu24.vbox"
00:27:15.892488          ERROR [COM]: aRC=VBOX_E_INVALID_VM_STATE (0x80bb0002) aIID={300763af-5d6b-46e6-aa96-273eac15538a} aComponent={MachineWrap} aText={The machine is not mutable (state is Starting)}, preserve=false aResultDetail=0
00:27:17.183364          ERROR [COM]: aRC=VBOX_E_OBJECT_NOT_FOUND (0x80bb0001) aIID={ad47ad09-787b-44ab-b343-a082a3f2dfb1} aComponent={MediumWrap} aText={Property 'CRYPT/KeyId' does not exist}, preserve=false aResultDetail=0
00:27:17.183578          ERROR [COM]: aRC=VBOX_E_OBJECT_NOT_FOUND (0x80bb0001) aIID={ad47ad09-787b-44ab-b343-a082a3f2dfb1} aComponent={MediumWrap} aText={Property 'CRYPT/KeyId' does not exist}, preserve=false aResultDetail=0
00:27:17.211935          Saving settings file "C:\Users\Pablo\.VirtualBox\VirtualBox.xml" with version "1.12-windows"
00:27:17.213462          Finished saving settings file "C:\Users\Pablo\.VirtualBox\VirtualBox.xml"
00:27:17.228848          ERROR [COM]: aRC=VBOX_E_INVALID_VM_STATE (0x80bb0002) aIID={300763af-5d6b-46e6-aa96-273eac15538a} aComponent={MachineWrap} aText={The machine is not mutable (state is Running)}, preserve=false aResultDetail=0
00:27:20.070157          Saving settings file "C:\Users\Pablo\VirtualBox VMs\ubuntu24\ubuntu24.vbox" with version "1.19-windows"
00:27:20.071667          Finished saving settings file "C:\Users\Pablo\VirtualBox VMs\ubuntu24\ubuntu24.vbox"
00:27:20.079446          ERROR [COM]: aRC=VBOX_E_INVALID_VM_STATE (0x80bb0002) aIID={300763af-5d6b-46e6-aa96-273eac15538a} aComponent={MachineWrap} aText={The machine is not mutable (state is Running)}, preserve=false aResultDetail=0
00:27:28.182679          Saving settings file "C:\Users\Pablo\VirtualBox VMs\ubuntu24\ubuntu24.vbox" with version "1.19-windows"
00:27:28.184410          Finished saving settings file "C:\Users\Pablo\VirtualBox VMs\ubuntu24\ubuntu24.vbox"
00:27:28.196269          ERROR [COM]: aRC=VBOX_E_INVALID_VM_STATE (0x80bb0002) aIID={300763af-5d6b-46e6-aa96-273eac15538a} aComponent={MachineWrap} aText={The machine is not mutable (state is Running)}, preserve=false aResultDetail=0
00:27:30.294053          Saving settings file "C:\Users\Pablo\VirtualBox VMs\ubuntu24\ubuntu24.vbox" with version "1.19-windows"
00:27:30.295905          Finished saving settings file "C:\Users\Pablo\VirtualBox VMs\ubuntu24\ubuntu24.vbox"
00:27:30.304255          ERROR [COM]: aRC=VBOX_E_INVALID_VM_STATE (0x80bb0002) aIID={300763af-5d6b-46e6-aa96-273eac15538a} aComponent={MachineWrap} aText={The machine is not mutable (state is Running)}, preserve=false aResultDetail=0
00:27:33.212204          Saving settings file "C:\Users\Pablo\VirtualBox VMs\ubuntu24\ubuntu24.vbox" with version "1.19-windows"
00:27:33.214141          Finished saving settings file "C:\Users\Pablo\VirtualBox VMs\ubuntu24\ubuntu24.vbox"
00:27:33.220465          ERROR [COM]: aRC=VBOX_E_INVALID_VM_STATE (0x80bb0002) aIID={300763af-5d6b-46e6-aa96-273eac15538a} aComponent={MachineWrap} aText={The machine is not mutable (state is Running)}, preserve=false aResultDetail=0
00:29:05.148895          Saving settings file "C:\Users\Pablo\VirtualBox VMs\ubuntu24\ubuntu24.vbox" with version "1.19-windows"
00:29:05.150327          Finished saving settings file "C:\Users\Pablo\VirtualBox VMs\ubuntu24\ubuntu24.vbox"
00:29:05.160656          ERROR [COM]: aRC=VBOX_E_INVALID_VM_STATE (0x80bb0002) aIID={300763af-5d6b-46e6-aa96-273eac15538a} aComponent={MachineWrap} aText={The machine is not mutable (state is Running)}, preserve=false aResultDetail=0
00:33:24.229451          Saving settings file "C:\Users\Pablo\VirtualBox VMs\ubuntu24\ubuntu24.vbox" with version "1.19-windows"
00:33:24.257710          Finished saving settings file "C:\Users\Pablo\VirtualBox VMs\ubuntu24\ubuntu24.vbox"
00:33:24.264908          ERROR [COM]: aRC=VBOX_E_INVALID_VM_STATE (0x80bb0002) aIID={300763af-5d6b-46e6-aa96-273eac15538a} aComponent={MachineWrap} aText={The machine is not mutable (state is Running)}, preserve=false aResultDetail=0
00:38:46.123970          ERROR [COM]: aRC=VBOX_E_INVALID_VM_STATE (0x80bb0002) aIID={300763af-5d6b-46e6-aa96-273eac15538a} aComponent={MachineWrap} aText={The machine is not mutable (state is Paused)}, preserve=false aResultDetail=0
00:38:49.333279          Saving settings file "C:\Users\Pablo\VirtualBox VMs\ubuntu24\ubuntu24.vbox" with version "1.19-windows"
00:38:49.338952          Finished saving settings file "C:\Users\Pablo\VirtualBox VMs\ubuntu24\ubuntu24.vbox"
00:38:49.511475          Saving settings file "C:\Users\Pablo\VirtualBox VMs\ubuntu24\ubuntu24.vbox" with version "1.19-windows"
00:38:49.513647          Finished saving settings file "C:\Users\Pablo\VirtualBox VMs\ubuntu24\ubuntu24.vbox"
00:38:49.812104          ERROR [COM]: aRC=VBOX_E_INVALID_VM_STATE (0x80bb0002) aIID={300763af-5d6b-46e6-aa96-273eac15538a} aComponent={MachineWrap} aText={The machine is not mutable (state is PoweredOff)}, preserve=false aResultDetail=0
00:38:50.543348          ERROR [COM]: aRC=VBOX_E_INVALID_VM_STATE (0x80bb0002) aIID={300763af-5d6b-46e6-aa96-273eac15538a} aComponent={MachineWrap} aText={The machine is not mutable (state is PoweredOff)}, preserve=false aResultDetail=0
00:38:55.894356          Saving settings file "C:\Users\Pablo\.VirtualBox\VirtualBox.xml" with version "1.12-windows"
00:38:55.900721          Finished saving settings file "C:\Users\Pablo\.VirtualBox\VirtualBox.xml"
00:39:00.480298          Saving settings file "C:\Users\Pablo\.VirtualBox\VirtualBox.xml" with version "1.12-windows"
00:39:00.486359          Finished saving settings file "C:\Users\Pablo\.VirtualBox\VirtualBox.xml"
00:39:00.790688          Saving settings file "C:\Users\Pablo\.VirtualBox\VirtualBox.xml" with version "1.12-windows"
00:39:00.794198          Finished saving settings file "C:\Users\Pablo\.VirtualBox\VirtualBox.xml"
00:39:01.543006          Saving settings file "C:\Users\Pablo\.VirtualBox\VirtualBox.xml" with version "1.12-windows"
00:39:01.546151          Finished saving settings file "C:\Users\Pablo\.VirtualBox\VirtualBox.xml"
00:39:02.283016          Saving settings file "C:\Users\Pablo\.VirtualBox\VirtualBox.xml" with version "1.12-windows"
00:39:02.286004          Finished saving settings file "C:\Users\Pablo\.VirtualBox\VirtualBox.xml"
00:39:02.973306          Saving settings file "C:\Users\Pablo\.VirtualBox\VirtualBox.xml" with version "1.12-windows"
00:39:02.976235          Finished saving settings file "C:\Users\Pablo\.VirtualBox\VirtualBox.xml"
00:39:07.423546          Launched VM: 1971961696 pid: 1584 (0x630) frontend: GUI/Qt name: ubuntu24
00:39:07.434689          ERROR [COM]: aRC=VBOX_E_INVALID_VM_STATE (0x80bb0002) aIID={300763af-5d6b-46e6-aa96-273eac15538a} aComponent={MachineWrap} aText={The machine is not mutable (state is PoweredOff)}, preserve=false aResultDetail=0
00:39:10.510254          ERROR [COM]: aRC=VBOX_E_INVALID_VM_STATE (0x80bb0002) aIID={300763af-5d6b-46e6-aa96-273eac15538a} aComponent={MachineWrap} aText={The machine is not mutable (state is PoweredOff)}, preserve=false aResultDetail=0
00:39:10.784699          ERROR [COM]: aRC=VBOX_E_OBJECT_NOT_FOUND (0x80bb0001) aIID={70401eef-c8e9-466b-9660-45cb3e9979e4} aComponent={ExtPackManagerWrap} aText={No extension pack by the name 'Oracle VM VirtualBox Extension Pack' was found}, preserve=false aResultDetail=0
00:39:16.154434          ERROR [COM]: aRC=VBOX_E_IPRT_ERROR (0x80bb0005) aIID={300763af-5d6b-46e6-aa96-273eac15538a} aComponent={SessionMachine} aText={Saved screenshot data is not available (VERR_NOT_SUPPORTED)}, preserve=false aResultDetail=-37
00:39:16.396496          ERROR [COM]: aRC=VBOX_E_INVALID_VM_STATE (0x80bb0002) aIID={300763af-5d6b-46e6-aa96-273eac15538a} aComponent={MachineWrap} aText={The machine is not mutable (state is Starting)}, preserve=false aResultDetail=0
00:39:16.858000          ERROR [COM]: aRC=VBOX_E_OBJECT_NOT_FOUND (0x80bb0001) aIID={ad47ad09-787b-44ab-b343-a082a3f2dfb1} aComponent={MediumWrap} aText={Property 'CRYPT/KeyId' does not exist}, preserve=false aResultDetail=0
00:39:16.858202          ERROR [COM]: aRC=VBOX_E_OBJECT_NOT_FOUND (0x80bb0001) aIID={ad47ad09-787b-44ab-b343-a082a3f2dfb1} aComponent={MediumWrap} aText={Property 'CRYPT/KeyId' does not exist}, preserve=false aResultDetail=0
00:39:16.881120          ERROR [COM]: aRC=VBOX_E_INVALID_VM_STATE (0x80bb0002) aIID={300763af-5d6b-46e6-aa96-273eac15538a} aComponent={MachineWrap} aText={The machine is not mutable (state is Running)}, preserve=false aResultDetail=0
00:48:02.484802          ERROR [COM]: aRC=VBOX_E_INVALID_VM_STATE (0x80bb0002) aIID={300763af-5d6b-46e6-aa96-273eac15538a} aComponent={MachineWrap} aText={The machine is not mutable (state is Paused)}, preserve=false aResultDetail=0
00:48:03.891158          Saving settings file "C:\Users\Pablo\VirtualBox VMs\ubuntu24\ubuntu24.vbox" with version "1.19-windows"
00:48:03.893257          Finished saving settings file "C:\Users\Pablo\VirtualBox VMs\ubuntu24\ubuntu24.vbox"
00:48:04.494844          ERROR [COM]: aRC=VBOX_E_INVALID_VM_STATE (0x80bb0002) aIID={300763af-5d6b-46e6-aa96-273eac15538a} aComponent={MachineWrap} aText={The machine is not mutable (state is PoweredOff)}, preserve=false aResultDetail=0
00:48:05.424589          ERROR [COM]: aRC=VBOX_E_INVALID_VM_STATE (0x80bb0002) aIID={300763af-5d6b-46e6-aa96-273eac15538a} aComponent={MachineWrap} aText={The machine is not mutable (state is PoweredOff)}, preserve=false aResultDetail=0
00:48:06.980566          Saving settings file "C:\Users\Pablo\.VirtualBox\VirtualBox.xml" with version "1.12-windows"
00:48:06.985992          Finished saving settings file "C:\Users\Pablo\.VirtualBox\VirtualBox.xml"
00:48:14.161017 main     WM_QUERYENDSESSION: shutdown (0x00000000)
00:48:14.161036 main     VBoxSvc has active connections: bActivity = false, lock count = 2
00:48:14.761976 USBPROXY usbLibGetDevices: Starting USB device enumeration
00:48:14.762183 USBPROXY Getting USB descriptor (id 0) failed (dwErr=31) on hub USB#ROOT_HUB30#4&15d1b92b&0&0#{f18a0e88-c30c-11d0-8815-00a0c906bed8} port 6
00:48:14.762900 USBPROXY Getting USB descriptor (id 0) failed (dwErr=31) on hub USB#ROOT_HUB30#4&15d1b92b&0&0#{f18a0e88-c30c-11d0-8815-00a0c906bed8} port 10
00:48:14.763048 USBPROXY usbLibGetDevices: Found 3 USB devices, 0 captured
00:48:16.322243 main     WM_ENDSESSION: critical (TRUE/0x40000000)
